<?xml version="1.0" encoding="UTF-8"?>
<!-- Generated by org.testng.reporters.JUnitReportReporter -->
<testsuite hostname="WKWZTMQauBjiWzF" failures="0" tests="1" name="RealTimePRactice.JavaScriptScrolling" time="13.482" errors="0" timestamp="27 Mar 2022 09:54:35 GMT" skipped="0">
  <testcase classname="RealTimePRactice.JavaScriptScrolling" name="scrollTable" time="13.482"/>
</testsuite> <!-- RealTimePRactice.JavaScriptScrolling -->
