<?xml version="1.0" encoding="UTF-8"?>
<!-- Generated by org.testng.reporters.JUnitReportReporter -->
<testsuite hostname="WKWZTMQauBjiWzF" failures="0" tests="1" name="RealTimePRactice.JavaScriptScrolling" time="11.493" errors="0" timestamp="27 Mar 2022 06:22:48 GMT" skipped="0">
  <testcase classname="RealTimePRactice.JavaScriptScrolling" name="scrollTable" time="11.493"/>
</testsuite> <!-- RealTimePRactice.JavaScriptScrolling -->
